\BOOKMARK [1][-]{section.1}{\376\377\000P\000I\000P\000E\000L\000I\000N\000E}{}% 1
\BOOKMARK [1][-]{section.2}{\376\377\000D\000A\000T\000A\000S\000E\000T}{}% 2
\BOOKMARK [1][-]{section.3}{\376\377\000C\000N\000N\000\040\000I\000M\000P\000L\000E\000M\000E\000N\000T\000A\000T\000I\000O\000N}{}% 3
\BOOKMARK [2][-]{subsection.3.1}{\376\377\000C\000N\000N\000\040\000m\000o\000d\000e\000l}{section.3}% 4
\BOOKMARK [2][-]{subsection.3.2}{\376\377\0005\000-\000F\000o\000l\000d\000\040\000C\000r\000o\000s\000s\000\040\000V\000a\000l\000i\000d\000a\000t\000i\000o\000n}{section.3}% 5
\BOOKMARK [2][-]{subsection.3.3}{\376\377\000C\000N\000N\040\031\000s\000\040\000T\000r\000a\000i\000n\000\040\000a\000n\000d\000\040\000V\000a\000l\000i\000d\000a\000t\000i\000o\000n}{section.3}% 6
\BOOKMARK [1][-]{section.4}{\376\377\000S\000C\000A\000T\000N\000E\000T\000\040\000I\000M\000P\000L\000E\000M\000E\000N\000T\000A\000T\000I\000O\000N}{}% 7
\BOOKMARK [2][-]{subsection.4.1}{\376\377\000S\000c\000a\000t\000N\000e\000t\000\040\000m\000o\000d\000e\000l}{section.4}% 8
\BOOKMARK [2][-]{subsection.4.2}{\376\377\000C\000N\000N\000\040\000v\000s\000\040\000S\000c\000a\000t\000N\000e\000t}{section.4}% 9
\BOOKMARK [2][-]{subsection.4.3}{\376\377\000S\000c\000a\000t\000n\000e\000t\040\031\000s\000\040\000T\000r\000a\000i\000n\000\040\000a\000n\000d\000\040\000V\000a\000l\000i\000d\000a\000t\000i\000o\000n}{section.4}% 10
\BOOKMARK [1][-]{section.5}{\376\377\000R\000E\000S\000U\000L\000T}{}% 11
\BOOKMARK [2][-]{subsection.5.1}{\376\377\000C\000N\000N\000'\000s\000\040\000t\000e\000s\000t}{section.5}% 12
\BOOKMARK [2][-]{subsection.5.2}{\376\377\000S\000c\000a\000t\000N\000e\000t\000'\000s\000\040\000t\000e\000s\000t}{section.5}% 13
\BOOKMARK [1][-]{section.6}{\376\377\000F\000I\000L\000T\000E\000R}{}% 14
\BOOKMARK [2][-]{subsection.6.1}{\376\377\000C\000N\000N\000'\000s\000\040\000f\000i\000l\000t\000e\000r\000s}{section.6}% 15
\BOOKMARK [2][-]{subsection.6.2}{\376\377\000S\000c\000a\000t\000N\000e\000t\000'\000s\000\040\000f\000i\000l\000t\000e\000r\000s}{section.6}% 16
\BOOKMARK [1][-]{section.7}{\376\377\000W\000H\000E\000N\000\040\000S\000C\000A\000T\000N\000E\000T\000\040\000W\000O\000R\000K\000S\000\040\000B\000E\000T\000T\000E\000R\000\040\000T\000H\000A\000N\000\040\000C\000N\000N}{}% 17
\BOOKMARK [1][-]{section.8}{\376\377\000N\000T\000E\000G\000R\000A\000T\000E\000D\000\040\000G\000R\000A\000D\000I\000E\000N\000T\000S}{}% 18
\BOOKMARK [2][-]{subsection.8.1}{\376\377\000I\000n\000t\000e\000g\000r\000a\000t\000e\000d\000\040\000G\000r\000a\000d\000i\000e\000n\000t\000s\000\040\000\050\000I\000G\000\051}{section.8}% 19
\BOOKMARK [2][-]{subsection.8.2}{\376\377\000B\000a\000s\000e\000l\000i\000n\000e}{section.8}% 20
\BOOKMARK [2][-]{subsection.8.3}{\376\377\000I\000n\000t\000e\000g\000r\000a\000t\000e\000d\000\040\000g\000r\000a\000d\000i\000e\000n\000t\000s\000\040\000b\000y\000\040\000s\000c\000r\000a\000t\000c\000h}{section.8}% 21
\BOOKMARK [2][-]{subsection.8.4}{\376\377\000I\000n\000t\000e\000g\000r\000a\000t\000e\000d\000\040\000g\000r\000a\000d\000i\000e\000n\000t\000s\000\040\000b\000y\000\040\000C\000a\000p\000t\000u\000m}{section.8}% 22
\BOOKMARK [1][-]{section.9}{\376\377\000L\000I\000M\000E}{}% 23
\BOOKMARK [1][-]{section.10}{\376\377\000S\000H\000A\000P}{}% 24
\BOOKMARK [1][-]{section.11}{\376\377\000C\000O\000M\000P\000A\000R\000I\000S\000O\000N\000\040\000A\000M\000O\000N\000G\000\040\000X\000A\000I\000\040\000M\000E\000T\000H\000O\000D\000S}{}% 25
\BOOKMARK [2][-]{subsection.11.1}{\376\377\000T\000e\000s\000t\000\040\000I\000m\000a\000g\000e\000s}{section.11}% 26
\BOOKMARK [2][-]{subsection.11.2}{\376\377\000S\000H\000A\000P\000\040\000v\000s\000\040\000I\000G}{section.11}% 27
\BOOKMARK [2][-]{subsection.11.3}{\376\377\000A\000t\000t\000r\000i\000b\000u\000t\000i\000o\000n\000s\000\040\000H\000i\000s\000t\000o\000g\000r\000a\000m\000s}{section.11}% 28
\BOOKMARK [2][-]{subsection.11.4}{\376\377\000C\000o\000r\000r\000e\000l\000a\000t\000i\000o\000n\000\040\000b\000e\000t\000w\000e\000e\000n\000\040\000a\000t\000t\000r\000i\000b\000u\000t\000i\000o\000n\000s}{section.11}% 29
