This is pdfTeX, Version 3.141592653-2.6-1.40.24 (MiKTeX 23.1) (preloaded format=pdflatex 2023.1.30)  6 MAR 2024 19:22
entering extended mode
 restricted \write18 enabled.
 file:line:error style messages enabled.
 %&-line parsing enabled.
**c:/Users/enric/Visual-XAI-project/report/report.tex
(c:/Users/enric/Visual-XAI-project/report/report.tex
LaTeX2e <2022-11-01> patch level 1
L3 programming layer <2023-01-24> (C:\Users\enric\AppData\Local\Programs\MiKTeX\tex/latex/base\article.cls
Document Class: article 2022/07/02 v1.4n Standard LaTeX document class
(C:\Users\enric\AppData\Local\Programs\MiKTeX\tex/latex/base\size10.clo
File: size10.clo 2022/07/02 v1.4n Standard LaTeX file (size option)
)
\c@part=\count185
\c@section=\count186
\c@subsection=\count187
\c@subsubsection=\count188
\c@paragraph=\count189
\c@subparagraph=\count190
\c@figure=\count191
\c@table=\count192
\abovecaptionskip=\skip48
\belowcaptionskip=\skip49
\bibindent=\dimen140
) (C:\Users\enric\AppData\Local\Programs\MiKTeX\tex/latex/graphics\graphicx.sty
Package: graphicx 2021/09/16 v1.2d Enhanced LaTeX Graphics (DPC,SPQR)
 (C:\Users\enric\AppData\Local\Programs\MiKTeX\tex/latex/graphics\keyval.sty
Package: keyval 2022/05/29 v1.15 key=value parser (DPC)
\KV@toks@=\toks16
) (C:\Users\enric\AppData\Local\Programs\MiKTeX\tex/latex/graphics\graphics.sty
Package: graphics 2022/03/10 v1.4e Standard LaTeX Graphics (DPC,SPQR)
 (C:\Users\enric\AppData\Local\Programs\MiKTeX\tex/latex/graphics\trig.sty
Package: trig 2021/08/11 v1.11 sin cos tan (DPC)
) (C:\Users\enric\AppData\Local\Programs\MiKTeX\tex/latex/graphics-cfg\graphics.cfg
File: graphics.cfg 2016/06/04 v1.11 sample graphics configuration
)
Package graphics Info: Driver file: pdftex.def on input line 107.
 (C:\Users\enric\AppData\Local\Programs\MiKTeX\tex/latex/graphics-def\pdftex.def
File: pdftex.def 2022/09/22 v1.2b Graphics/color driver for pdftex
))
\Gin@req@height=\dimen141
\Gin@req@width=\dimen142
) (C:\Users\enric\AppData\Local\Programs\MiKTeX\tex/latex/float\float.sty
Package: float 2001/11/08 v1.3d Float enhancements (AL)
\c@float@type=\count193
\float@exts=\toks17
\float@box=\box51
\@float@everytoks=\toks18
\@floatcapt=\box52
) (C:\Users\enric\AppData\Local\Programs\MiKTeX\tex/latex/enumitem\enumitem.sty
Package: enumitem 2019/06/20 v3.9 Customized lists
\labelindent=\skip50
\enit@outerparindent=\dimen143
\enit@toks=\toks19
\enit@inbox=\box53
\enit@count@id=\count194
\enitdp@description=\count195
) (C:\Users\enric\AppData\Local\Programs\MiKTeX\tex/latex/amsmath\amsmath.sty
Package: amsmath 2022/04/08 v2.17n AMS math features
\@mathmargin=\skip51

For additional information on amsmath, use the `?' option.
(C:\Users\enric\AppData\Local\Programs\MiKTeX\tex/latex/amsmath\amstext.sty
Package: amstext 2021/08/26 v2.01 AMS text
 (C:\Users\enric\AppData\Local\Programs\MiKTeX\tex/latex/amsmath\amsgen.sty
File: amsgen.sty 1999/11/30 v2.0 generic functions
\@emptytoks=\toks20
\ex@=\dimen144
)) (C:\Users\enric\AppData\Local\Programs\MiKTeX\tex/latex/amsmath\amsbsy.sty
Package: amsbsy 1999/11/29 v1.2d Bold Symbols
\pmbraise@=\dimen145
) (C:\Users\enric\AppData\Local\Programs\MiKTeX\tex/latex/amsmath\amsopn.sty
Package: amsopn 2022/04/08 v2.04 operator names
)
\inf@bad=\count196
LaTeX Info: Redefining \frac on input line 234.
\uproot@=\count197
\leftroot@=\count198
LaTeX Info: Redefining \overline on input line 399.
LaTeX Info: Redefining \colon on input line 410.
\classnum@=\count199
\DOTSCASE@=\count266
LaTeX Info: Redefining \ldots on input line 496.
LaTeX Info: Redefining \dots on input line 499.
LaTeX Info: Redefining \cdots on input line 620.
\Mathstrutbox@=\box54
\strutbox@=\box55
LaTeX Info: Redefining \big on input line 722.
LaTeX Info: Redefining \Big on input line 723.
LaTeX Info: Redefining \bigg on input line 724.
LaTeX Info: Redefining \Bigg on input line 725.
\big@size=\dimen146
LaTeX Font Info:    Redeclaring font encoding OML on input line 743.
LaTeX Font Info:    Redeclaring font encoding OMS on input line 744.
\macc@depth=\count267
LaTeX Info: Redefining \bmod on input line 905.
LaTeX Info: Redefining \pmod on input line 910.
LaTeX Info: Redefining \smash on input line 940.
LaTeX Info: Redefining \relbar on input line 970.
LaTeX Info: Redefining \Relbar on input line 971.
\c@MaxMatrixCols=\count268
\dotsspace@=\muskip16
\c@parentequation=\count269
\dspbrk@lvl=\count270
\tag@help=\toks21
\row@=\count271
\column@=\count272
\maxfields@=\count273
\andhelp@=\toks22
\eqnshift@=\dimen147
\alignsep@=\dimen148
\tagshift@=\dimen149
\tagwidth@=\dimen150
\totwidth@=\dimen151
\lineht@=\dimen152
\@envbody=\toks23
\multlinegap=\skip52
\multlinetaggap=\skip53
\mathdisplay@stack=\toks24
LaTeX Info: Redefining \[ on input line 2953.
LaTeX Info: Redefining \] on input line 2954.
) (C:\Users\enric\AppData\Local\Programs\MiKTeX\tex/latex/subfig\subfig.sty
Package: subfig 2005/06/28 ver: 1.3 subfig package
 (C:\Users\enric\AppData\Local\Programs\MiKTeX\tex/latex/caption\caption.sty
Package: caption 2022/03/01 v3.6b Customizing captions (AR)
 (C:\Users\enric\AppData\Local\Programs\MiKTeX\tex/latex/caption\caption3.sty
Package: caption3 2022/03/17 v2.3b caption3 kernel (AR)
\caption@tempdima=\dimen153
\captionmargin=\dimen154
\caption@leftmargin=\dimen155
\caption@rightmargin=\dimen156
\caption@width=\dimen157
\caption@indent=\dimen158
\caption@parindent=\dimen159
\caption@hangindent=\dimen160
Package caption Info: Standard document class detected.
)
\c@caption@flags=\count274
\c@continuedfloat=\count275
Package caption Info: float package is loaded.
)
\c@KVtest=\count276
\sf@farskip=\skip54
\sf@captopadj=\dimen161
\sf@capskip=\skip55
\sf@nearskip=\skip56
\c@subfigure=\count277
\c@subfigure@save=\count278
\c@lofdepth=\count279
\c@subtable=\count280
\c@subtable@save=\count281
\c@lotdepth=\count282
\sf@top=\skip57
\sf@bottom=\skip58
) (C:\Users\enric\AppData\Local\Programs\MiKTeX\tex/latex/hyperref\hyperref.sty
Package: hyperref 2022-11-13 v7.00u Hypertext links for LaTeX
 (C:\Users\enric\AppData\Local\Programs\MiKTeX\tex/generic/ltxcmds\ltxcmds.sty
Package: ltxcmds 2020-05-10 v1.25 LaTeX kernel commands for general use (HO)
) (C:\Users\enric\AppData\Local\Programs\MiKTeX\tex/generic/iftex\iftex.sty
Package: iftex 2022/02/03 v1.0f TeX engine tests
) (C:\Users\enric\AppData\Local\Programs\MiKTeX\tex/generic/pdftexcmds\pdftexcmds.sty
Package: pdftexcmds 2020-06-27 v0.33 Utility functions of pdfTeX for LuaTeX (HO)
 (C:\Users\enric\AppData\Local\Programs\MiKTeX\tex/generic/infwarerr\infwarerr.sty
Package: infwarerr 2019/12/03 v1.5 Providing info/warning/error messages (HO)
)
Package pdftexcmds Info: \pdf@primitive is available.
Package pdftexcmds Info: \pdf@ifprimitive is available.
Package pdftexcmds Info: \pdfdraftmode found.
) (C:\Users\enric\AppData\Local\Programs\MiKTeX\tex/latex/kvsetkeys\kvsetkeys.sty
Package: kvsetkeys 2022-10-05 v1.19 Key value parser (HO)
) (C:\Users\enric\AppData\Local\Programs\MiKTeX\tex/generic/kvdefinekeys\kvdefinekeys.sty
Package: kvdefinekeys 2019-12-19 v1.6 Define keys (HO)
) (C:\Users\enric\AppData\Local\Programs\MiKTeX\tex/generic/pdfescape\pdfescape.sty
Package: pdfescape 2019/12/09 v1.15 Implements pdfTeX's escape features (HO)
) (C:\Users\enric\AppData\Local\Programs\MiKTeX\tex/latex/hycolor\hycolor.sty
Package: hycolor 2020-01-27 v1.10 Color options for hyperref/bookmark (HO)
) (C:\Users\enric\AppData\Local\Programs\MiKTeX\tex/latex/letltxmacro\letltxmacro.sty
Package: letltxmacro 2019/12/03 v1.6 Let assignment for LaTeX macros (HO)
) (C:\Users\enric\AppData\Local\Programs\MiKTeX\tex/latex/auxhook\auxhook.sty
Package: auxhook 2019-12-17 v1.6 Hooks for auxiliary files (HO)
) (C:\Users\enric\AppData\Local\Programs\MiKTeX\tex/latex/hyperref\nameref.sty
Package: nameref 2022-05-17 v2.50 Cross-referencing by name of section
 (C:\Users\enric\AppData\Local\Programs\MiKTeX\tex/latex/refcount\refcount.sty
Package: refcount 2019/12/15 v3.6 Data extraction from label references (HO)
) (C:\Users\enric\AppData\Local\Programs\MiKTeX\tex/generic/gettitlestring\gettitlestring.sty
Package: gettitlestring 2019/12/15 v1.6 Cleanup title references (HO)
 (C:\Users\enric\AppData\Local\Programs\MiKTeX\tex/latex/kvoptions\kvoptions.sty
Package: kvoptions 2022-06-15 v3.15 Key value format for package options (HO)
))
\c@section@level=\count283
)
\@linkdim=\dimen162
\Hy@linkcounter=\count284
\Hy@pagecounter=\count285
 (C:\Users\enric\AppData\Local\Programs\MiKTeX\tex/latex/hyperref\pd1enc.def
File: pd1enc.def 2022-11-13 v7.00u Hyperref: PDFDocEncoding definition (HO)
Now handling font encoding PD1 ...
... no UTF-8 mapping file for font encoding PD1
) (C:\Users\enric\AppData\Local\Programs\MiKTeX\tex/generic/intcalc\intcalc.sty
Package: intcalc 2019/12/15 v1.3 Expandable calculations with integers (HO)
) (C:\Users\enric\AppData\Local\Programs\MiKTeX\tex/generic/etexcmds\etexcmds.sty
Package: etexcmds 2019/12/15 v1.7 Avoid name clashes with e-TeX commands (HO)
)
\Hy@SavedSpaceFactor=\count286
 (C:\Users\enric\AppData\Local\Programs\MiKTeX\tex/latex/hyperref\puenc.def
File: puenc.def 2022-11-13 v7.00u Hyperref: PDF Unicode definition (HO)
Now handling font encoding PU ...
... no UTF-8 mapping file for font encoding PU
)
Package hyperref Info: Hyper figures OFF on input line 4162.
Package hyperref Info: Link nesting OFF on input line 4167.
Package hyperref Info: Hyper index ON on input line 4170.
Package hyperref Info: Plain pages OFF on input line 4177.
Package hyperref Info: Backreferencing OFF on input line 4182.
Package hyperref Info: Implicit mode ON; LaTeX internals redefined.
Package hyperref Info: Bookmarks ON on input line 4410.
\c@Hy@tempcnt=\count287
 (C:\Users\enric\AppData\Local\Programs\MiKTeX\tex/latex/url\url.sty
\Urlmuskip=\muskip17
Package: url 2013/09/16  ver 3.4  Verb mode for urls, etc.
)
LaTeX Info: Redefining \url on input line 4748.
\XeTeXLinkMargin=\dimen163
 (C:\Users\enric\AppData\Local\Programs\MiKTeX\tex/generic/bitset\bitset.sty
Package: bitset 2019/12/09 v1.3 Handle bit-vector datatype (HO)
 (C:\Users\enric\AppData\Local\Programs\MiKTeX\tex/generic/bigintcalc\bigintcalc.sty
Package: bigintcalc 2019/12/15 v1.5 Expandable calculations on big integers (HO)
))
\Fld@menulength=\count288
\Field@Width=\dimen164
\Fld@charsize=\dimen165
Package hyperref Info: Hyper figures OFF on input line 6027.
Package hyperref Info: Link nesting OFF on input line 6032.
Package hyperref Info: Hyper index ON on input line 6035.
Package hyperref Info: backreferencing OFF on input line 6042.
Package hyperref Info: Link coloring OFF on input line 6047.
Package hyperref Info: Link coloring with OCG OFF on input line 6052.
Package hyperref Info: PDF/A mode OFF on input line 6057.
 (C:\Users\enric\AppData\Local\Programs\MiKTeX\tex/latex/base\atbegshi-ltx.sty
Package: atbegshi-ltx 2021/01/10 v1.0c Emulation of the original atbegshi
package with kernel methods
)
\Hy@abspage=\count289
\c@Item=\count290
\c@Hfootnote=\count291
)
Package hyperref Info: Driver (autodetected): hpdftex.
 (C:\Users\enric\AppData\Local\Programs\MiKTeX\tex/latex/hyperref\hpdftex.def
File: hpdftex.def 2022-11-13 v7.00u Hyperref driver for pdfTeX
 (C:\Users\enric\AppData\Local\Programs\MiKTeX\tex/latex/base\atveryend-ltx.sty
Package: atveryend-ltx 2020/08/19 v1.0a Emulation of the original atveryend package
with kernel methods
)
\Fld@listcount=\count292
\c@bookmark@seq@number=\count293
 (C:\Users\enric\AppData\Local\Programs\MiKTeX\tex/latex/rerunfilecheck\rerunfilecheck.sty
Package: rerunfilecheck 2022-07-10 v1.10 Rerun checks for auxiliary files (HO)
 (C:\Users\enric\AppData\Local\Programs\MiKTeX\tex/generic/uniquecounter\uniquecounter.sty
Package: uniquecounter 2019/12/15 v1.4 Provide unlimited unique counter (HO)
)
Package uniquecounter Info: New unique counter `rerunfilecheck' on input line 285.
)
\Hy@SectionHShift=\skip59
) (C:\Users\enric\AppData\Local\Programs\MiKTeX\tex/latex/geometry\geometry.sty
Package: geometry 2020/01/02 v5.9 Page Geometry
 (C:\Users\enric\AppData\Local\Programs\MiKTeX\tex/generic/iftex\ifvtex.sty
Package: ifvtex 2019/10/25 v1.7 ifvtex legacy package. Use iftex instead.
)
\Gm@cnth=\count294
\Gm@cntv=\count295
\c@Gm@tempcnt=\count296
\Gm@bindingoffset=\dimen166
\Gm@wd@mp=\dimen167
\Gm@odd@mp=\dimen168
\Gm@even@mp=\dimen169
\Gm@layoutwidth=\dimen170
\Gm@layoutheight=\dimen171
\Gm@layouthoffset=\dimen172
\Gm@layoutvoffset=\dimen173
\Gm@dimlist=\toks25
 (C:\Users\enric\AppData\Local\Programs\MiKTeX\tex/latex/geometry\geometry.cfg)) (C:\Users\enric\AppData\Local\Programs\MiKTeX\tex/latex/l3backend\l3backend-pdftex.def
File: l3backend-pdftex.def 2023-01-16 L3 backend support: PDF output (pdfTeX)
\l__color_backend_stack_int=\count297
\l__pdf_internal_box=\box56
) (report.aux

LaTeX Warning: Label `fig:1' multiply defined.


LaTeX Warning: Label `sub@fig:1' multiply defined.


LaTeX Warning: Label `fig:2' multiply defined.


LaTeX Warning: Label `sub@fig:2' multiply defined.


LaTeX Warning: Label `fig:dataset' multiply defined.


LaTeX Warning: Label `fig:1' multiply defined.


LaTeX Warning: Label `sub@fig:1' multiply defined.


LaTeX Warning: Label `fig:2' multiply defined.


LaTeX Warning: Label `sub@fig:2' multiply defined.


LaTeX Warning: Label `fig:3' multiply defined.


LaTeX Warning: Label `sub@fig:3' multiply defined.


LaTeX Warning: Label `fig:1' multiply defined.


LaTeX Warning: Label `sub@fig:1' multiply defined.


LaTeX Warning: Label `fig:2' multiply defined.


LaTeX Warning: Label `sub@fig:2' multiply defined.


LaTeX Warning: Label `fig:1' multiply defined.


LaTeX Warning: Label `sub@fig:1' multiply defined.


LaTeX Warning: Label `fig:2' multiply defined.


LaTeX Warning: Label `sub@fig:2' multiply defined.


LaTeX Warning: Label `fig:1' multiply defined.


LaTeX Warning: Label `sub@fig:1' multiply defined.


LaTeX Warning: Label `fig:2' multiply defined.


LaTeX Warning: Label `sub@fig:2' multiply defined.

)
\openout1 = `report.aux'.

LaTeX Font Info:    Checking defaults for OML/cmm/m/it on input line 19.
LaTeX Font Info:    ... okay on input line 19.
LaTeX Font Info:    Checking defaults for OMS/cmsy/m/n on input line 19.
LaTeX Font Info:    ... okay on input line 19.
LaTeX Font Info:    Checking defaults for OT1/cmr/m/n on input line 19.
LaTeX Font Info:    ... okay on input line 19.
LaTeX Font Info:    Checking defaults for T1/cmr/m/n on input line 19.
LaTeX Font Info:    ... okay on input line 19.
LaTeX Font Info:    Checking defaults for TS1/cmr/m/n on input line 19.
LaTeX Font Info:    ... okay on input line 19.
LaTeX Font Info:    Checking defaults for OMX/cmex/m/n on input line 19.
LaTeX Font Info:    ... okay on input line 19.
LaTeX Font Info:    Checking defaults for U/cmr/m/n on input line 19.
LaTeX Font Info:    ... okay on input line 19.
LaTeX Font Info:    Checking defaults for PD1/pdf/m/n on input line 19.
LaTeX Font Info:    ... okay on input line 19.
LaTeX Font Info:    Checking defaults for PU/pdf/m/n on input line 19.
LaTeX Font Info:    ... okay on input line 19.
 (C:\Users\enric\AppData\Local\Programs\MiKTeX\tex/context/base/mkii\supp-pdf.mkii
[Loading MPS to PDF converter (version 2006.09.02).]
\scratchcounter=\count298
\scratchdimen=\dimen174
\scratchbox=\box57
\nofMPsegments=\count299
\nofMParguments=\count300
\everyMPshowfont=\toks26
\MPscratchCnt=\count301
\MPscratchDim=\dimen175
\MPnumerator=\count302
\makeMPintoPDFobject=\count303
\everyMPtoPDFconversion=\toks27
) (C:\Users\enric\AppData\Local\Programs\MiKTeX\tex/latex/epstopdf-pkg\epstopdf-base.sty
Package: epstopdf-base 2020-01-24 v2.11 Base part for package epstopdf
Package epstopdf-base Info: Redefining graphics rule for `.eps' on input line 485.
 (C:\Users\enric\AppData\Local\Programs\MiKTeX\tex/latex/00miktex\epstopdf-sys.cfg
File: epstopdf-sys.cfg 2021/03/18 v2.0 Configuration of epstopdf for MiKTeX
))
Package caption Info: Begin \AtBeginDocument code.
Package caption Info: subfig package v1.3 is loaded.
Package caption Info: hyperref package is loaded.
Package caption Info: End \AtBeginDocument code.
Package hyperref Info: Link coloring OFF on input line 19.
 (report.out) (report.out)
\@outlinefile=\write3
\openout3 = `report.out'.


*geometry* driver: auto-detecting
*geometry* detected driver: pdftex
*geometry* verbose mode - [ preamble ] result:
* driver: pdftex
* paper: a4paper
* layout: <same size as paper>
* layoutoffset:(h,v)=(0.0pt,0.0pt)
* modes: 
* h-part:(L,W,R)=(81.94394pt, 433.62pt, 81.94394pt)
* v-part:(T,H,B)=(43.15723pt, 737.15378pt, 64.73584pt)
* \paperwidth=597.50787pt
* \paperheight=845.04684pt
* \textwidth=433.62pt
* \textheight=737.15378pt
* \oddsidemargin=9.67395pt
* \evensidemargin=9.67395pt
* \topmargin=-66.11276pt
* \headheight=12.0pt
* \headsep=25.0pt
* \topskip=10.0pt
* \footskip=30.0pt
* \marginparwidth=65.0pt
* \marginparsep=11.0pt
* \columnsep=10.0pt
* \skip\footins=9.0pt plus 4.0pt minus 2.0pt
* \hoffset=0.0pt
* \voffset=0.0pt
* \mag=1000
* \@twocolumnfalse
* \@twosidefalse
* \@mparswitchfalse
* \@reversemarginfalse
* (1in=72.27pt=25.4mm, 1cm=28.453pt)

<./img//dataset.png, id=119, 836.1639pt x 311.4837pt>
File: ./img//dataset.png Graphic file (type png)
<use ./img//dataset.png>
Package pdftex.def Info: ./img//dataset.png  used on input line 50.
(pdftex.def)             Requested size: 238.49231pt x 88.84032pt.
[1

{C:/Users/enric/AppData/Local/MiKTeX/fonts/map/pdftex/pdftex.map} <./img//dataset.png>]
<./img//CNN_accuracy_curve.png, id=137, 1370.11874pt x 475.02469pt>
File: ./img//CNN_accuracy_curve.png Graphic file (type png)
<use ./img//CNN_accuracy_curve.png>
Package pdftex.def Info: ./img//CNN_accuracy_curve.png  used on input line 102.
(pdftex.def)             Requested size: 433.62pt x 150.33664pt.
<./img//CNN_mean.png, id=138, 1071.7641pt x 1071.7641pt>
File: ./img//CNN_mean.png Graphic file (type png)
<use ./img//CNN_mean.png>
Package pdftex.def Info: ./img//CNN_mean.png  used on input line 109.
(pdftex.def)             Requested size: 433.62pt x 433.62053pt.
 [2 <./img//CNN_accuracy_curve.png>]
Underfull \hbox (badness 10000) in paragraph at lines 114--117

 []

[3 <./img//CNN_mean.png>]
<./img//Scatnet_accuracy_curve.png, id=152, 1287.1287pt x 427.1157pt>
File: ./img//Scatnet_accuracy_curve.png Graphic file (type png)
<use ./img//Scatnet_accuracy_curve.png>
Package pdftex.def Info: ./img//Scatnet_accuracy_curve.png  used on input line 185.
(pdftex.def)             Requested size: 433.62pt x 143.8879pt.
<./img//Scatnet_mean.png, id=153, 1068.1506pt x 1069.596pt>
File: ./img//Scatnet_mean.png Graphic file (type png)
<use ./img//Scatnet_mean.png>
Package pdftex.def Info: ./img//Scatnet_mean.png  used on input line 198.
(pdftex.def)             Requested size: 433.62pt x 434.2122pt.
 [4 <./img//Scatnet_accuracy_curve.png>]
<./img//confusion matrix scatnet.png, id=170, 427.1157pt x 348.3414pt>
File: ./img//confusion matrix scatnet.png Graphic file (type png)
<use ./img//confusion matrix scatnet.png>
Package pdftex.def Info: ./img//confusion matrix scatnet.png  used on input line 211.
(pdftex.def)             Requested size: 130.08731pt x 106.09248pt.
 [5 <./img//Scatnet_mean.png> <./img//confusion matrix scatnet.png>]
File: ./img//confusion matrix scatnet.png Graphic file (type png)
<use ./img//confusion matrix scatnet.png>
Package pdftex.def Info: ./img//confusion matrix scatnet.png  used on input line 223.
(pdftex.def)             Requested size: 130.08731pt x 106.09248pt.
<./img//CNN_kernel_1layer.png, id=179, 462.528pt x 259.4493pt>
File: ./img//CNN_kernel_1layer.png Graphic file (type png)
<use ./img//CNN_kernel_1layer.png>
Package pdftex.def Info: ./img//CNN_kernel_1layer.png  used on input line 234.
(pdftex.def)             Requested size: 173.44534pt x 97.29323pt.
<./img//CNN_kernel_2layer.png, id=180, 462.528pt x 260.172pt>
File: ./img//CNN_kernel_2layer.png Graphic file (type png)
<use ./img//CNN_kernel_2layer.png>
Package pdftex.def Info: ./img//CNN_kernel_2layer.png  used on input line 235.
(pdftex.def)             Requested size: 173.44534pt x 97.56424pt.
<./img//CNN_kernel_3layer.png, id=181, 462.528pt x 481.3182pt>
File: ./img//CNN_kernel_3layer.png Graphic file (type png)
<use ./img//CNN_kernel_3layer.png>
Package pdftex.def Info: ./img//CNN_kernel_3layer.png  used on input line 236.
(pdftex.def)             Requested size: 86.72267pt x 90.2396pt.
<./img//CNN_feature_maps.png, id=182, 1135.24126pt x 188.95593pt>
File: ./img//CNN_feature_maps.png Graphic file (type png)
<use ./img//CNN_feature_maps.png>
Package pdftex.def Info: ./img//CNN_feature_maps.png  used on input line 241.
(pdftex.def)             Requested size: 346.89731pt x 57.7396pt.
<./img//Scatnet_filter.png, id=183, 852.786pt x 328.8285pt>
File: ./img//Scatnet_filter.png Graphic file (type png)
<use ./img//Scatnet_filter.png>
Package pdftex.def Info: ./img//Scatnet_filter.png  used on input line 250.
(pdftex.def)             Requested size: 346.89731pt x 133.75684pt.
 [6 <./img//CNN_kernel_1layer.png> <./img//CNN_kernel_2layer.png> <./img//CNN_kernel_3layer.png> <./img//CNN_feature_maps.png>]
<./img//Scatnet_featuremaps.png, id=198, 1144.0341pt x 162.6075pt>
File: ./img//Scatnet_featuremaps.png Graphic file (type png)
<use ./img//Scatnet_featuremaps.png>
Package pdftex.def Info: ./img//Scatnet_featuremaps.png  used on input line 256.
(pdftex.def)             Requested size: 346.89731pt x 49.30615pt.
<./img//CM_less_img.png, id=199, 1151.80313pt x 409.53pt>
File: ./img//CM_less_img.png Graphic file (type png)
<use ./img//CM_less_img.png>
Package pdftex.def Info: ./img//CM_less_img.png  used on input line 267.
(pdftex.def)             Requested size: 346.89731pt x 123.34111pt.

Underfull \hbox (badness 10000) in paragraph at lines 273--280

 []


Underfull \hbox (badness 10000) in paragraph at lines 273--280

 []

[7 <./img//Scatnet_filter.png> <./img//Scatnet_featuremaps.png> <./img//CM_less_img.png>]
<./img//baseline_zero.png, id=213, 1431.6687pt x 148.8762pt>
File: ./img//baseline_zero.png Graphic file (type png)
<use ./img//baseline_zero.png>
Package pdftex.def Info: ./img//baseline_zero.png  used on input line 297.
(pdftex.def)             Requested size: 390.25534pt x 40.58101pt.
<./img//baseline_rand.png, id=214, 1431.6687pt x 148.8762pt>
File: ./img//baseline_rand.png Graphic file (type png)
<use ./img//baseline_rand.png>
Package pdftex.def Info: ./img//baseline_rand.png  used on input line 298.
(pdftex.def)             Requested size: 390.25534pt x 40.58101pt.
<./img//IG_formula.png, id=215, 1234.6125pt x 217.5628pt>
File: ./img//IG_formula.png Graphic file (type png)
<use ./img//IG_formula.png>
Package pdftex.def Info: ./img//IG_formula.png  used on input line 304.
(pdftex.def)             Requested size: 346.89731pt x 61.12962pt.
<./img//IG_scratch.png, id=216, 858.20625pt x 137.01187pt>
File: ./img//IG_scratch.png Graphic file (type png)
<use ./img//IG_scratch.png>
Package pdftex.def Info: ./img//IG_scratch.png  used on input line 332.
(pdftex.def)             Requested size: 346.89731pt x 55.38287pt.
 [8 <./img//baseline_zero.png> <./img//baseline_rand.png> <./img//IG_formula.png>]
<./img//IG_captum.png, id=234, 845.40843pt x 127.97812pt>
File: ./img//IG_captum.png Graphic file (type png)
<use ./img//IG_captum.png>
Package pdftex.def Info: ./img//IG_captum.png  used on input line 342.
(pdftex.def)             Requested size: 346.89731pt x 52.51236pt.
<./img//LIME.png, id=235, 852.93657pt x 132.495pt>
File: ./img//LIME.png Graphic file (type png)
<use ./img//LIME.png>
Package pdftex.def Info: ./img//LIME.png  used on input line 363.
(pdftex.def)             Requested size: 346.89731pt x 53.88863pt.
 [9 <./img//IG_scratch.png> <./img//IG_captum.png> <./img//LIME.png>]
<./img//SHAP.png, id=246, 873.2625pt x 435.87843pt>
File: ./img//SHAP.png Graphic file (type png)
<use ./img//SHAP.png>
Package pdftex.def Info: ./img//SHAP.png  used on input line 380.
(pdftex.def)             Requested size: 346.89731pt x 173.15111pt.
<./img//face-80.jpg, id=247, 1027.84pt x 1027.84pt>
File: ./img//face-80.jpg Graphic file (type jpg)
<use ./img//face-80.jpg>
Package pdftex.def Info: ./img//face-80.jpg  used on input line 390.
(pdftex.def)             Requested size: 86.72267pt x 86.71437pt.
<./img//face-1533.jpg, id=248, 1027.84pt x 1027.84pt>
File: ./img//face-1533.jpg Graphic file (type jpg)
<use ./img//face-1533.jpg>
Package pdftex.def Info: ./img//face-1533.jpg  used on input line 391.
(pdftex.def)             Requested size: 86.72267pt x 86.71437pt.
<./img//face-17.jpg, id=249, 1027.84pt x 1027.84pt>
File: ./img//face-17.jpg Graphic file (type jpg)
<use ./img//face-17.jpg>
Package pdftex.def Info: ./img//face-17.jpg  used on input line 392.
(pdftex.def)             Requested size: 86.72267pt x 86.71437pt.
<./img//shap_vs_ig.png, id=250, 1147.28625pt x 149.05687pt>
File: ./img//shap_vs_ig.png Graphic file (type png)
<use ./img//shap_vs_ig.png>
Package pdftex.def Info: ./img//shap_vs_ig.png  used on input line 399.
(pdftex.def)             Requested size: 390.25534pt x 50.7014pt.
 [10 <./img//SHAP.png> <./img//face-80.jpg> <./img//face-1533.jpg> <./img//face-17.jpg> <./img//shap_vs_ig.png>]
<./img//histo_CNN.png, id=263, 1183.7826pt x 1071.7641pt>
File: ./img//histo_CNN.png Graphic file (type png)
<use ./img//histo_CNN.png>
Package pdftex.def Info: ./img//histo_CNN.png  used on input line 409.
(pdftex.def)             Requested size: 325.215pt x 294.43349pt.
<./img//histo_scatnet.png, id=264, 1172.9421pt x 1071.7641pt>
File: ./img//histo_scatnet.png Graphic file (type png)
<use ./img//histo_scatnet.png>
Package pdftex.def Info: ./img//histo_scatnet.png  used on input line 414.
(pdftex.def)             Requested size: 325.215pt x 297.14822pt.
 [11 <./img//histo_CNN.png> <./img//histo_scatnet.png>]
<./img//correlation_CNN.png, id=273, 1191.0096pt x 737.8767pt>
File: ./img//correlation_CNN.png Graphic file (type png)
<use ./img//correlation_CNN.png>
Package pdftex.def Info: ./img//correlation_CNN.png  used on input line 435.
(pdftex.def)             Requested size: 195.12767pt x 120.8887pt.
<./img//correlation_Scatnet.png, id=274, 1191.0096pt x 737.8767pt>
File: ./img//correlation_Scatnet.png Graphic file (type png)
<use ./img//correlation_Scatnet.png>
Package pdftex.def Info: ./img//correlation_Scatnet.png  used on input line 436.
(pdftex.def)             Requested size: 195.12767pt x 120.8887pt.
<./img//distance_CNN.png, id=275, 1294.08469pt x 209.28188pt>
File: ./img//distance_CNN.png Graphic file (type png)
<use ./img//distance_CNN.png>
Package pdftex.def Info: ./img//distance_CNN.png  used on input line 441.
(pdftex.def)             Requested size: 390.25534pt x 63.11076pt.
<./img//correlation_CNN_noglass.png, id=276, 1191.0096pt x 737.8767pt>
File: ./img//correlation_CNN_noglass.png Graphic file (type png)
<use ./img//correlation_CNN_noglass.png>
Package pdftex.def Info: ./img//correlation_CNN_noglass.png  used on input line 447.
(pdftex.def)             Requested size: 195.12767pt x 120.8887pt.
<./img//correlation_Scatnet_noglass.png, id=277, 1191.0096pt x 737.8767pt>
File: ./img//correlation_Scatnet_noglass.png Graphic file (type png)
<use ./img//correlation_Scatnet_noglass.png>
Package pdftex.def Info: ./img//correlation_Scatnet_noglass.png  used on input line 448.
(pdftex.def)             Requested size: 195.12767pt x 120.8887pt.
<./img//distance_CNN_noglass.png, id=278, 1273.75874pt x 188.95593pt>
File: ./img//distance_CNN_noglass.png Graphic file (type png)
<use ./img//distance_CNN_noglass.png>
Package pdftex.def Info: ./img//distance_CNN_noglass.png  used on input line 453.
(pdftex.def)             Requested size: 390.25534pt x 57.8924pt.
<./img//correlation_CNN_sunglass.png, id=279, 1176.5556pt x 737.8767pt>
File: ./img//correlation_CNN_sunglass.png Graphic file (type png)
<use ./img//correlation_CNN_sunglass.png>
Package pdftex.def Info: ./img//correlation_CNN_sunglass.png  used on input line 459.
(pdftex.def)             Requested size: 195.12767pt x 122.36365pt.
<./img//correlation_Scatnet_sunglass.png, id=280, 1191.0096pt x 737.8767pt>
File: ./img//correlation_Scatnet_sunglass.png Graphic file (type png)
<use ./img//correlation_Scatnet_sunglass.png>
Package pdftex.def Info: ./img//correlation_Scatnet_sunglass.png  used on input line 460.
(pdftex.def)             Requested size: 195.12767pt x 120.8887pt.
<./img//distance_CNN_sunglass.png, id=281, 1280.53406pt x 190.46156pt>
File: ./img//distance_CNN_sunglass.png Graphic file (type png)
<use ./img//distance_CNN_sunglass.png>
Package pdftex.def Info: ./img//distance_CNN_sunglass.png  used on input line 465.
(pdftex.def)             Requested size: 390.25534pt x 58.04564pt.
 [12 <./img//correlation_CNN.png> <./img//correlation_Scatnet.png> <./img//distance_CNN.png> <./img//correlation_CNN_noglass.png> <./img//correlation_Scatnet_noglass.png> <./img//distance_CNN_noglass.png>]
<./img//correlation_coef.png, id=300, 1288.0622pt x 163.3603pt>
File: ./img//correlation_coef.png Graphic file (type png)
<use ./img//correlation_coef.png>
Package pdftex.def Info: ./img//correlation_coef.png  used on input line 471.
(pdftex.def)             Requested size: 390.25534pt x 49.49454pt.
 [13 <./img//correlation_CNN_sunglass.png> <./img//correlation_Scatnet_sunglass.png> <./img//distance_CNN_sunglass.png> <./img//correlation_coef.png>] (report.aux)

LaTeX Warning: There were multiply-defined labels.

Package rerunfilecheck Info: File `report.out' has not changed.
(rerunfilecheck)             Checksum: 8953D6D4BA7C72D1EACF4CD213674331;4139.
 ) 
Here is how much of TeX's memory you used:
 11644 strings out of 476375
 194312 string characters out of 5788975
 1865299 words of memory out of 5000000
 31768 multiletter control sequences out of 15000+600000
 519887 words of font info for 58 fonts, out of 8000000 for 9000
 1141 hyphenation exceptions out of 8191
 75i,21n,79p,551b,549s stack positions out of 10000i,1000n,20000p,200000b,200000s
{C:/Users/enric/AppData/Local/Programs/MiKTeX/fonts/enc/dvips/cm-super/cm-super-ts1.enc}<C:/Users/enric/AppData/Local/Programs/MiKTeX/fonts/type1/public/amsfonts/cm/cmbx10.pfb><C:/Users/enric/AppData/Local/Programs/MiKTeX/fonts/type1/public/amsfonts/cm/cmbx12.pfb><C:/Users/enric/AppData/Local/Programs/MiKTeX/fonts/type1/public/amsfonts/cm/cmbx8.pfb><C:/Users/enric/AppData/Local/Programs/MiKTeX/fonts/type1/public/amsfonts/cm/cmbx9.pfb><C:/Users/enric/AppData/Local/Programs/MiKTeX/fonts/type1/public/amsfonts/cm/cmex10.pfb><C:/Users/enric/AppData/Local/Programs/MiKTeX/fonts/type1/public/amsfonts/cm/cmmi10.pfb><C:/Users/enric/AppData/Local/Programs/MiKTeX/fonts/type1/public/amsfonts/cm/cmmi5.pfb><C:/Users/enric/AppData/Local/Programs/MiKTeX/fonts/type1/public/amsfonts/cm/cmmi7.pfb><C:/Users/enric/AppData/Local/Programs/MiKTeX/fonts/type1/public/amsfonts/cm/cmr10.pfb><C:/Users/enric/AppData/Local/Programs/MiKTeX/fonts/type1/public/amsfonts/cm/cmr12.pfb><C:/Users/enric/AppData/Local/Programs/MiKTeX/fonts/type1/public/amsfonts/cm/cmr5.pfb><C:/Users/enric/AppData/Local/Programs/MiKTeX/fonts/type1/public/amsfonts/cm/cmr7.pfb><C:/Users/enric/AppData/Local/Programs/MiKTeX/fonts/type1/public/amsfonts/cm/cmr8.pfb><C:/Users/enric/AppData/Local/Programs/MiKTeX/fonts/type1/public/amsfonts/cm/cmr9.pfb><C:/Users/enric/AppData/Local/Programs/MiKTeX/fonts/type1/public/amsfonts/cm/cmsy10.pfb><C:/Users/enric/AppData/Local/Programs/MiKTeX/fonts/type1/public/amsfonts/cm/cmsy7.pfb><C:/Users/enric/AppData/Local/Programs/MiKTeX/fonts/type1/public/amsfonts/cm/cmti12.pfb><C:/Users/enric/AppData/Local/Programs/MiKTeX/fonts/type1/public/cm-super/sfrm1000.pfb>
Output written on report.pdf (13 pages, 6844828 bytes).
PDF statistics:
 424 PDF objects out of 1000 (max. 8388607)
 102 named destinations out of 1000 (max. 500000)
 413 words of extra memory for PDF output out of 10000 (max. 10000000)

